<?xml version="1.0" encoding="UTF-8"?>
<testsuite name="com.bridgelabz.CensusAnalyser.CensusAnalyserTest" tests="17" skipped="0" failures="0" errors="0" timestamp="2020-07-06T20:18:30" hostname="HOME" time="4.667">
  <properties/>
  <testcase name="givenUSCensusData_WhenSortedOnStateID_ShouldReturnSortedResult" classname="com.bridgelabz.CensusAnalyser.CensusAnalyserTest" time="1.576"/>
  <testcase name="givenUSCensusCsvFile_WithWrongFileType_ShouldThrowException" classname="com.bridgelabz.CensusAnalyser.CensusAnalyserTest" time="0.402"/>
  <testcase name="StatusCensusCsvFile_ReturnsCorrectRecords" classname="com.bridgelabz.CensusAnalyser.CensusAnalyserTest" time="0.239"/>
  <testcase name="getIndianCensusData_WhenSortedOnStateByPopulation_ShouldReturnSortedResult" classname="com.bridgelabz.CensusAnalyser.CensusAnalyserTest" time="0.169"/>
  <testcase name="givenIndiaCensusCsvFile_WithWrongFileType_ShouldThrowException" classname="com.bridgelabz.CensusAnalyser.CensusAnalyserTest" time="0.013"/>
  <testcase name="givenIndiaCensusCsvFile_WithWrongHeader_ShouldThrowException" classname="com.bridgelabz.CensusAnalyser.CensusAnalyserTest" time="0.043"/>
  <testcase name="givenIndiaCensusCsvFile_WithWrongFilePath_ShouldThrowException" classname="com.bridgelabz.CensusAnalyser.CensusAnalyserTest" time="0.031"/>
  <testcase name="givenIndiaCensusCsvFile_WithIncorrectDelimiter_ShouldThrowException" classname="com.bridgelabz.CensusAnalyser.CensusAnalyserTest" time="0.018"/>
  <testcase name="getIndianCensusData_WhenSortedOnStateByArea_ShouldReturnSortedResult" classname="com.bridgelabz.CensusAnalyser.CensusAnalyserTest" time="0.211"/>
  <testcase name="givenUSCensusCsvFile_WithIncorrectDelimiter_ShouldThrowException" classname="com.bridgelabz.CensusAnalyser.CensusAnalyserTest" time="0.012"/>
  <testcase name="getUSCensusData_WhenSortedOnStateByPopulationDensity_ShouldReturnSortedResult" classname="com.bridgelabz.CensusAnalyser.CensusAnalyserTest" time="0.295"/>
  <testcase name="USCensusFile_ReturnsCorrectRecords" classname="com.bridgelabz.CensusAnalyser.CensusAnalyserTest" time="0.345"/>
  <testcase name="getUSCensusData_WhenSortedOnStateByPopulation_ShouldReturnSortedResult" classname="com.bridgelabz.CensusAnalyser.CensusAnalyserTest" time="0.407"/>
  <testcase name="getIndianCensusData_WhenSortedOnStateByDensity_ShouldReturnSortedResult" classname="com.bridgelabz.CensusAnalyser.CensusAnalyserTest" time="0.211"/>
  <testcase name="givenUSCensusCsvFile_WithWrongHeader_ShouldThrowException" classname="com.bridgelabz.CensusAnalyser.CensusAnalyserTest" time="0.017"/>
  <testcase name="getIndianCensusData_WhenSortedOnState_ShouldReturnSortedStateResult" classname="com.bridgelabz.CensusAnalyser.CensusAnalyserTest" time="0.305"/>
  <testcase name="getUSCensusData_WhenSortedOnStateByArea_ShouldReturnSortedResult" classname="com.bridgelabz.CensusAnalyser.CensusAnalyserTest" time="0.317"/>
  <system-out><![CDATA[Exception occurred:.\src\main\resources\WrongFileTypeIndiaStateCensusData.mkv
Exception occurred:Wrong Header or Delimiter
Exception occurred:.\src\main\resources\IndiaStateCensusData.csv
Exception occurred:Wrong Header or Delimiter
Exception occurred:Wrong Header or Delimiter
Exception occurred:Wrong Header or Delimiter
]]></system-out>
  <system-err><![CDATA[]]></system-err>
</testsuite>
