<?xml version="1.0" encoding="UTF-8"?>
<testsuite name="com.bridgelabz.CensusAnalyser.CensusAnalyserTest" tests="1" skipped="0" failures="0" errors="0" timestamp="2020-06-30T17:41:47" hostname="HOME" time="0.549">
  <properties/>
  <testcase name="StatusStateCodeFile_ReturnsCorrectRecords" classname="com.bridgelabz.CensusAnalyser.CensusAnalyserTest" time="0.549"/>
  <system-out><![CDATA[]]></system-out>
  <system-err><![CDATA[]]></system-err>
</testsuite>
