<?xml version="1.0" encoding="UTF-8"?>
<testsuite name="com.bridgelabz.CensusAnalyser.CensusAnalyserTest" tests="1" skipped="0" failures="0" errors="0" timestamp="2020-06-29T20:48:58" hostname="HOME" time="0.025">
  <properties/>
  <testcase name="givenStatusCensusCsvFile_WithWrongFile_ShouldThrowException" classname="com.bridgelabz.CensusAnalyser.CensusAnalyserTest" time="0.025"/>
  <system-out><![CDATA[]]></system-out>
  <system-err><![CDATA[]]></system-err>
</testsuite>
