<?xml version="1.0" encoding="UTF-8"?>
<testsuite name="com.bridgelabz.CensusAnalyser.CensusAnalyserTest" tests="18" skipped="0" failures="0" errors="0" timestamp="2020-07-04T03:35:37" hostname="HOME" time="3.185">
  <properties/>
  <testcase name="givenStatesCodesCsvFile_WithIncorrectDelimiter_ShouldThrowException" classname="com.bridgelabz.CensusAnalyser.CensusAnalyserTest" time="0.756"/>
  <testcase name="StatusStateCodeFile_ReturnsCorrectRecords" classname="com.bridgelabz.CensusAnalyser.CensusAnalyserTest" time="0.21"/>
  <testcase name="givenStatesCodeCsvFile_WithWrongFile_ShouldThrowException" classname="com.bridgelabz.CensusAnalyser.CensusAnalyserTest" time="0.007"/>
  <testcase name="givenStatusCensusCsvFile_WithWrongFileType_ShouldThrowException" classname="com.bridgelabz.CensusAnalyser.CensusAnalyserTest" time="0.001"/>
  <testcase name="StatusCensusCsvFile_ReturnsCorrectRecords" classname="com.bridgelabz.CensusAnalyser.CensusAnalyserTest" time="0.129"/>
  <testcase name="getIndianCensusData_WhenSortedOnStateByPopulation_ShouldReturnSortedResult" classname="com.bridgelabz.CensusAnalyser.CensusAnalyserTest" time="0.393"/>
  <testcase name="getIndianStateCodeData_WhenSortedOnState_ShouldReturnSortedResult" classname="com.bridgelabz.CensusAnalyser.CensusAnalyserTest" time="0.1"/>
  <testcase name="givenStatusCensusCsvFile_WithWrongHeader_ShouldThrowException" classname="com.bridgelabz.CensusAnalyser.CensusAnalyserTest" time="0.116"/>
  <testcase name="givenStatusCensusCsvFile_WithWrongFile_ShouldThrowException" classname="com.bridgelabz.CensusAnalyser.CensusAnalyserTest" time="0.004"/>
  <testcase name="getIndianCensusData_WhenSortedOnStateByArea_ShouldReturnSortedResult" classname="com.bridgelabz.CensusAnalyser.CensusAnalyserTest" time="0.185"/>
  <testcase name="givenStatesCensusCsvFile_WithIncorrectDelimiter_ShouldThrowException" classname="com.bridgelabz.CensusAnalyser.CensusAnalyserTest" time="0.047"/>
  <testcase name="givenStatesCodeCsvFile_WithWrongFileType_ShouldThrowException" classname="com.bridgelabz.CensusAnalyser.CensusAnalyserTest" time="0.003"/>
  <testcase name="getUSCensusData_WhenSortedOnStateByPopulationDensity_ShouldReturnSortedResult" classname="com.bridgelabz.CensusAnalyser.CensusAnalyserTest" time="0.27"/>
  <testcase name="USCensusFile_ReturnsCorrectRecords" classname="com.bridgelabz.CensusAnalyser.CensusAnalyserTest" time="0.306"/>
  <testcase name="getUSCensusData_WhenSortedOnStateByPopulation_ShouldReturnSortedResult" classname="com.bridgelabz.CensusAnalyser.CensusAnalyserTest" time="0.229"/>
  <testcase name="getIndianCensusData_WhenSortedOnStateByDensity_ShouldReturnSortedResult" classname="com.bridgelabz.CensusAnalyser.CensusAnalyserTest" time="0.062"/>
  <testcase name="getIndianCensusData_WhenSortedOnState_ShouldReturnSortedStateResult" classname="com.bridgelabz.CensusAnalyser.CensusAnalyserTest" time="0.066"/>
  <testcase name="getUSCensusData_WhenSortedOnStateByArea_ShouldReturnSortedResult" classname="com.bridgelabz.CensusAnalyser.CensusAnalyserTest" time="0.274"/>
  <system-out><![CDATA[]]></system-out>
  <system-err><![CDATA[]]></system-err>
</testsuite>
