<?xml version="1.0" encoding="UTF-8"?>
<testsuite name="com.bridgelabz.CensusAnalyser.CensusAnalyserTest" tests="1" skipped="0" failures="0" errors="0" timestamp="2020-07-04T03:13:04" hostname="HOME" time="1.038">
  <properties/>
  <testcase name="getUSCensusData_WhenSortedOnStateByArea_ShouldReturnSortedResult" classname="com.bridgelabz.CensusAnalyser.CensusAnalyserTest" time="1.038"/>
  <system-out><![CDATA[]]></system-out>
  <system-err><![CDATA[]]></system-err>
</testsuite>
